<?xml version="1.0" encoding="UTF-8"?>
<robot generator="Robot 7.3.2 (Python 3.13.0 on win32)" generated="2025-11-24T21:50:22.125401" rpa="false" schemaversion="5">
<suite id="s1" name="ServerRest API" source="D:\Pessoais\Cursos\Postman\GitHub\ServerRest_API">
<suite id="s1-s1" name="Test Api" source="D:\Pessoais\Cursos\Postman\GitHub\ServerRest_API\test_api">
<suite id="s1-s1-s1" name="Test" source="D:\Pessoais\Cursos\Postman\GitHub\ServerRest_API\test_api\test">
<suite id="s1-s1-s1-s1" name="User" source="D:\Pessoais\Cursos\Postman\GitHub\ServerRest_API\test_api\test\user.robot">
<test id="s1-s1-s1-s1-t1" name="Criar um usuario sem email" line="121">
<kw name="Create Dictionary" owner="BuiltIn">
<msg time="2025-11-24T21:50:22.584617" level="FAIL">Variable '${token}' not found.</msg>
<var>${headers}</var>
<arg>Authorization=Bearer ${token}</arg>
<doc>Creates and returns a dictionary based on the given ``items``.</doc>
<status status="FAIL" start="2025-11-24T21:50:22.583664" elapsed="0.003934">Variable '${token}' not found.</status>
</kw>
<kw name="Create Dictionary" owner="BuiltIn">
<var>${body}</var>
<arg>password=teste</arg>
<doc>Creates and returns a dictionary based on the given ``items``.</doc>
<status status="NOT RUN" start="2025-11-24T21:50:22.587989" elapsed="0.000259"/>
</kw>
<kw name="POST" owner="RequestsLibrary">
<var>${response}</var>
<arg>${BASE_URL}/login</arg>
<arg>headers=${headers}</arg>
<arg>json=${body}</arg>
<arg>timeout=2000</arg>
<arg>expected_status=400</arg>
<doc>Sends a POST request.</doc>
<status status="NOT RUN" start="2025-11-24T21:50:22.588598" elapsed="0.000230"/>
</kw>
<kw name="Should Be Equal As Integers" owner="BuiltIn">
<arg>${response.status_code}</arg>
<arg>400</arg>
<doc>Fails if objects are unequal after converting them to integers.</doc>
<status status="NOT RUN" start="2025-11-24T21:50:22.589111" elapsed="0.000164"/>
</kw>
<kw name="Dictionary Should Contain Key" owner="Collections">
<arg>${response.json()}</arg>
<arg>mensagem</arg>
<doc>Fails if ``key`` is not found from ``dictionary``.</doc>
<status status="NOT RUN" start="2025-11-24T21:50:22.589472" elapsed="0.000104"/>
</kw>
<kw name="Should Be Equal" owner="BuiltIn">
<arg>${response.json()['mensagem']}</arg>
<arg>"Email e senha são obrigatórios"</arg>
<doc>Fails if the given objects are unequal.</doc>
<status status="NOT RUN" start="2025-11-24T21:50:22.589738" elapsed="0.000120"/>
</kw>
<doc>Cadastrar um novo usuario</doc>
<status status="FAIL" start="2025-11-24T21:50:22.580019" elapsed="0.010081">Variable '${token}' not found.</status>
</test>
<status status="FAIL" start="2025-11-24T21:50:22.182286" elapsed="0.411642"/>
</suite>
<status status="FAIL" start="2025-11-24T21:50:22.175625" elapsed="0.427288"/>
</suite>
<status status="FAIL" start="2025-11-24T21:50:22.170022" elapsed="0.438181"/>
</suite>
<status status="FAIL" start="2025-11-24T21:50:22.133000" elapsed="0.479261"/>
</suite>
<statistics>
<total>
<stat pass="0" fail="1" skip="0">All Tests</stat>
</total>
<tag>
</tag>
<suite>
<stat name="ServerRest API" id="s1" pass="0" fail="1" skip="0">ServerRest API</stat>
<stat name="Test Api" id="s1-s1" pass="0" fail="1" skip="0">ServerRest API.Test Api</stat>
<stat name="Test" id="s1-s1-s1" pass="0" fail="1" skip="0">ServerRest API.Test Api.Test</stat>
<stat name="User" id="s1-s1-s1-s1" pass="0" fail="1" skip="0">ServerRest API.Test Api.Test.User</stat>
</suite>
</statistics>
<errors>
<msg time="2025-11-24T21:50:22.570624" level="ERROR">Error in file 'D:\Pessoais\Cursos\Postman\GitHub\ServerRest_API\base.resource' on line 5: Error in file 'D:\Pessoais\Cursos\Postman\GitHub\ServerRest_API\test_api\test\login.robot' on line 5: Resource file with 'Test Cases' section is invalid.</msg>
</errors>
</robot>
